{"level":"info","message":"Server started on port 5000","service":"trading-platform","timestamp":"2025-08-01T07:19:34.596Z"}
{"level":"info","message":"Starting real-time market data updates","service":"trading-platform","timestamp":"2025-08-01T07:19:34.601Z"}
{"level":"error","message":"Error updating market data:","service":"trading-platform","timestamp":"2025-08-01T07:19:45.624Z"}
{"level":"error","message":"Error updating market data:","service":"trading-platform","timestamp":"2025-08-01T07:19:54.940Z"}
{"level":"info","message":"Server started on port 5000","service":"trading-platform","timestamp":"2025-08-02T04:39:59.638Z"}
{"level":"info","message":"Starting real-time market data updates","service":"trading-platform","timestamp":"2025-08-02T04:39:59.640Z"}
{"level":"error","message":"Error updating market data:","service":"trading-platform","timestamp":"2025-08-02T04:40:10.199Z"}
{"level":"error","message":"Error updating market data:","service":"trading-platform","timestamp":"2025-08-02T04:40:20.178Z"}
{"level":"info","message":"Server started on port 5000","service":"trading-platform","timestamp":"2025-08-02T04:41:00.025Z"}
{"level":"info","message":"Starting real-time market data updates","service":"trading-platform","timestamp":"2025-08-02T04:41:00.027Z"}
{"level":"error","message":"Error updating market data:","service":"trading-platform","timestamp":"2025-08-02T04:41:10.306Z"}
{"level":"info","message":"Server started on port 5000","service":"trading-platform","timestamp":"2025-08-02T04:41:15.211Z"}
{"level":"info","message":"Starting real-time market data updates","service":"trading-platform","timestamp":"2025-08-02T04:41:15.213Z"}
{"level":"error","message":"Error updating market data:","service":"trading-platform","timestamp":"2025-08-02T04:41:25.470Z"}
{"level":"error","message":"Error updating market data:","service":"trading-platform","timestamp":"2025-08-02T04:41:35.722Z"}
{"level":"info","message":"Server started on port 5000","service":"trading-platform","timestamp":"2025-08-02T04:45:38.507Z"}
{"level":"info","message":"Starting real-time market data updates","service":"trading-platform","timestamp":"2025-08-02T04:45:38.509Z"}
{"level":"info","message":"Updated market data for 5 pairs","service":"trading-platform","timestamp":"2025-08-02T04:45:39.852Z"}
{"level":"info","message":"Server started on port 5000","service":"trading-platform","timestamp":"2025-08-02T04:57:36.438Z"}
{"level":"info","message":"Starting real-time market data updates","service":"trading-platform","timestamp":"2025-08-02T04:57:36.440Z"}
{"level":"info","message":"Updated market data for 5 pairs","service":"trading-platform","timestamp":"2025-08-02T04:57:37.707Z"}
{"level":"info","message":"Updated market data for 5 pairs","service":"trading-platform","timestamp":"2025-08-02T04:57:47.556Z"}
{"level":"info","message":"Updated market data for 5 pairs","service":"trading-platform","timestamp":"2025-08-02T04:57:57.390Z"}
{"level":"info","message":"Updated market data for 5 pairs","service":"trading-platform","timestamp":"2025-08-02T04:58:07.214Z"}
{"level":"info","message":"Updated market data for 5 pairs","service":"trading-platform","timestamp":"2025-08-02T04:58:16.907Z"}
{"level":"info","message":"Updated market data for 5 pairs","service":"trading-platform","timestamp":"2025-08-02T04:58:26.964Z"}
{"level":"info","message":"Updated market data for 5 pairs","service":"trading-platform","timestamp":"2025-08-02T04:58:36.946Z"}
{"level":"info","message":"Updated market data for 5 pairs","service":"trading-platform","timestamp":"2025-08-02T04:58:47.218Z"}
{"level":"info","message":"Updated market data for 5 pairs","service":"trading-platform","timestamp":"2025-08-02T04:58:56.954Z"}
{"level":"info","message":"Updated market data for 5 pairs","service":"trading-platform","timestamp":"2025-08-02T04:59:07.327Z"}
{"level":"info","message":"Updated market data for 5 pairs","service":"trading-platform","timestamp":"2025-08-02T04:59:17.273Z"}
{"level":"info","message":"Updated market data for 5 pairs","service":"trading-platform","timestamp":"2025-08-02T04:59:26.929Z"}
{"level":"info","message":"Updated market data for 5 pairs","service":"trading-platform","timestamp":"2025-08-02T04:59:37.122Z"}
{"level":"info","message":"Updated market data for 5 pairs","service":"trading-platform","timestamp":"2025-08-02T04:59:47.307Z"}
{"level":"info","message":"Updated market data for 5 pairs","service":"trading-platform","timestamp":"2025-08-02T04:59:57.213Z"}
{"level":"info","message":"Updated market data for 5 pairs","service":"trading-platform","timestamp":"2025-08-02T05:00:06.964Z"}
{"level":"info","message":"Updated market data for 5 pairs","service":"trading-platform","timestamp":"2025-08-02T05:00:17.506Z"}
{"level":"info","message":"Updated market data for 5 pairs","service":"trading-platform","timestamp":"2025-08-02T05:00:26.916Z"}
{"level":"info","message":"Updated market data for 5 pairs","service":"trading-platform","timestamp":"2025-08-02T05:00:36.960Z"}
{"level":"info","message":"Updated market data for 5 pairs","service":"trading-platform","timestamp":"2025-08-02T05:00:47.386Z"}
{"level":"info","message":"Updated market data for 5 pairs","service":"trading-platform","timestamp":"2025-08-02T05:00:56.924Z"}
{"level":"info","message":"Updated market data for 5 pairs","service":"trading-platform","timestamp":"2025-08-02T05:01:07.361Z"}
{"level":"info","message":"Updated market data for 5 pairs","service":"trading-platform","timestamp":"2025-08-02T05:01:17.183Z"}
{"level":"info","message":"Updated market data for 5 pairs","service":"trading-platform","timestamp":"2025-08-02T05:01:27.224Z"}
{"level":"info","message":"Updated market data for 5 pairs","service":"trading-platform","timestamp":"2025-08-02T05:01:36.938Z"}
{"level":"info","message":"Updated market data for 5 pairs","service":"trading-platform","timestamp":"2025-08-02T05:01:46.999Z"}
{"level":"info","message":"Updated market data for 5 pairs","service":"trading-platform","timestamp":"2025-08-02T05:01:56.972Z"}
{"level":"info","message":"Updated market data for 5 pairs","service":"trading-platform","timestamp":"2025-08-02T05:02:06.948Z"}
{"level":"info","message":"Updated market data for 5 pairs","service":"trading-platform","timestamp":"2025-08-02T05:02:16.995Z"}
{"level":"info","message":"Updated market data for 5 pairs","service":"trading-platform","timestamp":"2025-08-02T05:02:27.280Z"}
{"level":"info","message":"Updated market data for 5 pairs","service":"trading-platform","timestamp":"2025-08-02T05:02:36.971Z"}
{"level":"info","message":"Updated market data for 5 pairs","service":"trading-platform","timestamp":"2025-08-02T05:02:46.943Z"}
{"level":"info","message":"Updated market data for 5 pairs","service":"trading-platform","timestamp":"2025-08-02T05:02:56.959Z"}
{"level":"info","message":"Updated market data for 5 pairs","service":"trading-platform","timestamp":"2025-08-02T05:03:07.029Z"}
{"level":"info","message":"Updated market data for 5 pairs","service":"trading-platform","timestamp":"2025-08-02T05:03:17.223Z"}
{"level":"info","message":"Updated market data for 5 pairs","service":"trading-platform","timestamp":"2025-08-02T05:03:27.098Z"}
{"level":"info","message":"Updated market data for 5 pairs","service":"trading-platform","timestamp":"2025-08-02T05:03:36.972Z"}
{"level":"info","message":"Updated market data for 5 pairs","service":"trading-platform","timestamp":"2025-08-02T05:03:47.261Z"}
{"level":"info","message":"Updated market data for 5 pairs","service":"trading-platform","timestamp":"2025-08-02T05:03:56.974Z"}
{"level":"info","message":"Updated market data for 5 pairs","service":"trading-platform","timestamp":"2025-08-02T05:04:06.957Z"}
{"level":"info","message":"Updated market data for 5 pairs","service":"trading-platform","timestamp":"2025-08-02T05:04:16.961Z"}
{"level":"info","message":"Updated market data for 5 pairs","service":"trading-platform","timestamp":"2025-08-02T05:04:27.230Z"}
{"level":"info","message":"Updated market data for 5 pairs","service":"trading-platform","timestamp":"2025-08-02T05:04:37.013Z"}
{"level":"info","message":"Updated market data for 5 pairs","service":"trading-platform","timestamp":"2025-08-02T05:04:46.955Z"}
{"level":"info","message":"Updated market data for 5 pairs","service":"trading-platform","timestamp":"2025-08-02T05:04:57.232Z"}
{"level":"info","message":"Updated market data for 5 pairs","service":"trading-platform","timestamp":"2025-08-02T05:05:07.617Z"}
{"level":"info","message":"Updated market data for 5 pairs","service":"trading-platform","timestamp":"2025-08-02T05:05:17.399Z"}
{"level":"info","message":"Updated market data for 5 pairs","service":"trading-platform","timestamp":"2025-08-02T05:05:27.024Z"}
{"level":"info","message":"Server started on port 5000","service":"trading-platform","timestamp":"2025-08-02T05:05:37.417Z"}
{"level":"info","message":"Starting real-time market data updates","service":"trading-platform","timestamp":"2025-08-02T05:05:37.419Z"}
{"level":"info","message":"Updated market data for 5 pairs","service":"trading-platform","timestamp":"2025-08-02T05:05:38.737Z"}
{"level":"info","message":"Updated market data for 5 pairs","service":"trading-platform","timestamp":"2025-08-02T05:05:47.941Z"}
{"level":"info","message":"Updated market data for 5 pairs","service":"trading-platform","timestamp":"2025-08-02T05:05:58.183Z"}
{"level":"info","message":"Updated market data for 5 pairs","service":"trading-platform","timestamp":"2025-08-02T05:06:08.289Z"}
{"level":"info","message":"Updated market data for 5 pairs","service":"trading-platform","timestamp":"2025-08-02T05:06:17.923Z"}
{"level":"info","message":"Updated market data for 5 pairs","service":"trading-platform","timestamp":"2025-08-02T05:06:27.927Z"}
{"level":"error","message":"Error fetching CoinGecko data:","service":"trading-platform","timestamp":"2025-08-02T05:06:37.659Z"}
{"level":"info","message":"Updated market data for 0 pairs","service":"trading-platform","timestamp":"2025-08-02T05:06:37.660Z"}
{"level":"info","message":"Updated market data for 5 pairs","service":"trading-platform","timestamp":"2025-08-02T05:06:48.464Z"}
{"level":"error","message":"Error fetching CoinGecko data:","service":"trading-platform","timestamp":"2025-08-02T05:06:57.683Z"}
{"level":"info","message":"Updated market data for 0 pairs","service":"trading-platform","timestamp":"2025-08-02T05:06:57.684Z"}
{"level":"error","message":"Error fetching CoinGecko data:","service":"trading-platform","timestamp":"2025-08-02T05:07:07.641Z"}
{"level":"info","message":"Updated market data for 0 pairs","service":"trading-platform","timestamp":"2025-08-02T05:07:07.642Z"}
{"level":"error","message":"Error fetching CoinGecko data:","service":"trading-platform","timestamp":"2025-08-02T05:07:17.674Z"}
{"level":"info","message":"Updated market data for 0 pairs","service":"trading-platform","timestamp":"2025-08-02T05:07:17.674Z"}
{"level":"info","message":"Updated market data for 5 pairs","service":"trading-platform","timestamp":"2025-08-02T05:07:28.232Z"}
{"level":"info","message":"Updated market data for 5 pairs","service":"trading-platform","timestamp":"2025-08-02T05:07:37.930Z"}
{"level":"info","message":"Updated market data for 5 pairs","service":"trading-platform","timestamp":"2025-08-02T05:07:47.935Z"}
{"level":"info","message":"Server started on port 5000","service":"trading-platform","timestamp":"2025-08-02T05:07:54.027Z"}
{"level":"info","message":"Starting real-time market data updates","service":"trading-platform","timestamp":"2025-08-02T05:07:54.029Z"}
{"level":"info","message":"Updated market data for 5 pairs","service":"trading-platform","timestamp":"2025-08-02T05:07:55.433Z"}
{"level":"info","message":"Updated market data for 5 pairs","service":"trading-platform","timestamp":"2025-08-02T05:08:04.560Z"}
{"level":"info","message":"Server started on port 5000","service":"trading-platform","timestamp":"2025-08-02T05:08:05.510Z"}
{"level":"info","message":"Starting real-time market data updates","service":"trading-platform","timestamp":"2025-08-02T05:08:05.512Z"}
{"level":"info","message":"Updated market data for 5 pairs","service":"trading-platform","timestamp":"2025-08-02T05:08:06.745Z"}
{"level":"info","message":"Server started on port 5000","service":"trading-platform","timestamp":"2025-08-02T05:08:16.687Z"}
{"level":"info","message":"Starting real-time market data updates","service":"trading-platform","timestamp":"2025-08-02T05:08:16.689Z"}
{"level":"error","message":"Error fetching CoinGecko data:","service":"trading-platform","timestamp":"2025-08-02T05:08:16.963Z"}
{"level":"info","message":"Updated market data for 0 pairs","service":"trading-platform","timestamp":"2025-08-02T05:08:16.964Z"}
{"level":"error","message":"Error fetching CoinGecko data:","service":"trading-platform","timestamp":"2025-08-02T05:08:26.917Z"}
{"level":"info","message":"Updated market data for 0 pairs","service":"trading-platform","timestamp":"2025-08-02T05:08:26.918Z"}
{"level":"info","message":"Updated market data for 5 pairs","service":"trading-platform","timestamp":"2025-08-02T05:08:37.568Z"}
{"level":"info","message":"Updated market data for 5 pairs","service":"trading-platform","timestamp":"2025-08-02T05:08:47.253Z"}
{"level":"info","message":"Updated market data for 5 pairs","service":"trading-platform","timestamp":"2025-08-02T05:08:57.236Z"}
{"level":"info","message":"Updated market data for 5 pairs","service":"trading-platform","timestamp":"2025-08-02T05:09:07.779Z"}
{"level":"info","message":"Updated market data for 5 pairs","service":"trading-platform","timestamp":"2025-08-02T05:09:17.507Z"}
{"level":"info","message":"Server started on port 5000","service":"trading-platform","timestamp":"2025-08-02T05:09:20.618Z"}
{"level":"info","message":"Starting real-time market data updates","service":"trading-platform","timestamp":"2025-08-02T05:09:20.621Z"}
{"level":"info","message":"Updated market data for 5 pairs","service":"trading-platform","timestamp":"2025-08-02T05:09:21.741Z"}
{"level":"info","message":"Updated market data for 5 pairs","service":"trading-platform","timestamp":"2025-08-02T05:09:31.185Z"}
{"level":"info","message":"Updated market data for 5 pairs","service":"trading-platform","timestamp":"2025-08-02T05:09:41.377Z"}
{"level":"info","message":"Updated market data for 5 pairs","service":"trading-platform","timestamp":"2025-08-02T05:09:51.152Z"}
{"level":"info","message":"Updated market data for 5 pairs","service":"trading-platform","timestamp":"2025-08-02T05:10:01.158Z"}
{"level":"info","message":"Updated market data for 5 pairs","service":"trading-platform","timestamp":"2025-08-02T05:10:11.148Z"}
{"level":"info","message":"Updated market data for 5 pairs","service":"trading-platform","timestamp":"2025-08-02T05:10:21.447Z"}
{"level":"info","message":"=== EMAIL NOTIFICATION (Development Mode) ===","service":"trading-platform","timestamp":"2025-08-02T05:10:28.814Z"}
{"level":"info","message":"To: bhadrarajimagecbe@gmail.com","service":"trading-platform","timestamp":"2025-08-02T05:10:28.815Z"}
{"level":"info","message":"Subject: Email Verification - TradePro Trading Platform","service":"trading-platform","timestamp":"2025-08-02T05:10:28.815Z"}
{"level":"info","message":"Message: \n        Welcome to TradePro Trading Platform!\n        \n        Please verify your email address by clicking the link below:\n        http://localhost:5173/verify-email/5ea768f969a9d70f7753e98e1312ca278155fc81\n        \n        This link will expire in 24 hours.\n        \n        If you didn't create this account, please ignore this email.\n        \n        Best regards,\n        TradePro Team\n      ","service":"trading-platform","timestamp":"2025-08-02T05:10:28.815Z"}
{"level":"info","message":"=== END EMAIL ===","service":"trading-platform","timestamp":"2025-08-02T05:10:28.815Z"}
{"level":"info","message":"Verification email sent to bhadrarajimagecbe@gmail.com","service":"trading-platform","timestamp":"2025-08-02T05:10:29.816Z"}
{"level":"info","message":"New user registered: bhadrarajimagecbe@gmail.com","service":"trading-platform","timestamp":"2025-08-02T05:10:29.817Z"}
{"level":"error","message":"Error fetching CoinGecko data:","service":"trading-platform","timestamp":"2025-08-02T05:10:30.867Z"}
{"level":"info","message":"Updated market data for 0 pairs","service":"trading-platform","timestamp":"2025-08-02T05:10:30.868Z"}
{"level":"info","message":"Updated market data for 5 pairs","service":"trading-platform","timestamp":"2025-08-02T05:10:41.379Z"}
{"level":"info","message":"Updated market data for 5 pairs","service":"trading-platform","timestamp":"2025-08-02T05:10:51.149Z"}
{"level":"info","message":"Updated market data for 5 pairs","service":"trading-platform","timestamp":"2025-08-02T05:11:01.556Z"}
{"level":"info","message":"Updated market data for 5 pairs","service":"trading-platform","timestamp":"2025-08-02T05:11:11.127Z"}
{"level":"error","message":"Error fetching CoinGecko data:","service":"trading-platform","timestamp":"2025-08-02T05:11:20.918Z"}
{"level":"info","message":"Updated market data for 0 pairs","service":"trading-platform","timestamp":"2025-08-02T05:11:20.918Z"}
{"level":"info","message":"Updated market data for 5 pairs","service":"trading-platform","timestamp":"2025-08-02T05:11:31.400Z"}
{"level":"info","message":"Updated market data for 5 pairs","service":"trading-platform","timestamp":"2025-08-02T05:11:41.726Z"}
{"level":"info","message":"Updated market data for 5 pairs","service":"trading-platform","timestamp":"2025-08-02T05:11:51.633Z"}
{"level":"info","message":"Updated market data for 5 pairs","service":"trading-platform","timestamp":"2025-08-02T05:12:01.133Z"}
{"level":"info","message":"Updated market data for 5 pairs","service":"trading-platform","timestamp":"2025-08-02T05:12:11.109Z"}
{"level":"info","message":"Updated market data for 5 pairs","service":"trading-platform","timestamp":"2025-08-02T05:12:21.145Z"}
{"level":"info","message":"Updated market data for 5 pairs","service":"trading-platform","timestamp":"2025-08-02T05:12:31.132Z"}
{"level":"info","message":"Updated market data for 5 pairs","service":"trading-platform","timestamp":"2025-08-02T05:12:41.438Z"}
{"level":"error","message":"Error fetching CoinGecko data:","service":"trading-platform","timestamp":"2025-08-02T05:12:50.882Z"}
{"level":"info","message":"Updated market data for 0 pairs","service":"trading-platform","timestamp":"2025-08-02T05:12:50.883Z"}
{"level":"error","message":"Error fetching CoinGecko data:","service":"trading-platform","timestamp":"2025-08-02T05:13:00.875Z"}
{"level":"info","message":"Updated market data for 0 pairs","service":"trading-platform","timestamp":"2025-08-02T05:13:00.876Z"}
{"level":"error","message":"Error fetching CoinGecko data:","service":"trading-platform","timestamp":"2025-08-02T05:13:10.865Z"}
{"level":"info","message":"Updated market data for 0 pairs","service":"trading-platform","timestamp":"2025-08-02T05:13:10.866Z"}
{"level":"error","message":"Error fetching CoinGecko data:","service":"trading-platform","timestamp":"2025-08-02T05:13:20.860Z"}
{"level":"info","message":"Updated market data for 0 pairs","service":"trading-platform","timestamp":"2025-08-02T05:13:20.860Z"}
{"level":"error","message":"Error fetching CoinGecko data:","service":"trading-platform","timestamp":"2025-08-02T05:13:30.870Z"}
{"level":"info","message":"Updated market data for 0 pairs","service":"trading-platform","timestamp":"2025-08-02T05:13:30.871Z"}
{"level":"error","message":"Error fetching CoinGecko data:","service":"trading-platform","timestamp":"2025-08-02T05:13:40.879Z"}
{"level":"info","message":"Updated market data for 0 pairs","service":"trading-platform","timestamp":"2025-08-02T05:13:40.879Z"}
{"level":"info","message":"Updated market data for 5 pairs","service":"trading-platform","timestamp":"2025-08-02T05:13:51.589Z"}
{"level":"info","message":"Updated market data for 5 pairs","service":"trading-platform","timestamp":"2025-08-02T05:14:01.363Z"}
{"level":"info","message":"Updated market data for 5 pairs","service":"trading-platform","timestamp":"2025-08-02T05:14:11.138Z"}
{"level":"info","message":"Updated market data for 5 pairs","service":"trading-platform","timestamp":"2025-08-02T05:14:21.130Z"}
{"level":"info","message":"Updated market data for 5 pairs","service":"trading-platform","timestamp":"2025-08-02T05:14:31.125Z"}
{"level":"info","message":"Updated market data for 5 pairs","service":"trading-platform","timestamp":"2025-08-02T05:14:41.151Z"}
{"level":"info","message":"Updated market data for 5 pairs","service":"trading-platform","timestamp":"2025-08-02T05:14:51.422Z"}
{"level":"info","message":"Updated market data for 5 pairs","service":"trading-platform","timestamp":"2025-08-02T05:15:01.137Z"}
{"level":"info","message":"Updated market data for 5 pairs","service":"trading-platform","timestamp":"2025-08-02T05:15:11.172Z"}
{"level":"info","message":"Updated market data for 5 pairs","service":"trading-platform","timestamp":"2025-08-02T05:15:21.141Z"}
{"level":"info","message":"Updated market data for 5 pairs","service":"trading-platform","timestamp":"2025-08-02T05:15:31.171Z"}
{"level":"info","message":"Updated market data for 5 pairs","service":"trading-platform","timestamp":"2025-08-02T05:15:41.144Z"}
{"level":"info","message":"Updated market data for 5 pairs","service":"trading-platform","timestamp":"2025-08-02T05:15:51.546Z"}
{"level":"info","message":"Updated market data for 5 pairs","service":"trading-platform","timestamp":"2025-08-02T05:16:01.630Z"}
{"level":"info","message":"Updated market data for 5 pairs","service":"trading-platform","timestamp":"2025-08-02T05:16:11.493Z"}
{"level":"info","message":"Updated market data for 5 pairs","service":"trading-platform","timestamp":"2025-08-02T05:16:21.137Z"}
{"level":"info","message":"Updated market data for 5 pairs","service":"trading-platform","timestamp":"2025-08-02T05:16:31.132Z"}
{"level":"error","message":"Error fetching CoinGecko data:","service":"trading-platform","timestamp":"2025-08-02T05:16:40.870Z"}
{"level":"info","message":"Updated market data for 0 pairs","service":"trading-platform","timestamp":"2025-08-02T05:16:40.871Z"}
{"level":"error","message":"Error fetching CoinGecko data:","service":"trading-platform","timestamp":"2025-08-02T05:16:50.897Z"}
{"level":"info","message":"Updated market data for 0 pairs","service":"trading-platform","timestamp":"2025-08-02T05:16:50.898Z"}
{"level":"info","message":"Updated market data for 5 pairs","service":"trading-platform","timestamp":"2025-08-02T05:17:01.593Z"}
{"level":"info","message":"Updated market data for 5 pairs","service":"trading-platform","timestamp":"2025-08-02T05:17:11.540Z"}
{"level":"info","message":"Updated market data for 5 pairs","service":"trading-platform","timestamp":"2025-08-02T05:17:21.350Z"}
{"level":"info","message":"Updated market data for 5 pairs","service":"trading-platform","timestamp":"2025-08-02T05:17:31.680Z"}
{"level":"info","message":"Server started on port 5000","service":"trading-platform","timestamp":"2025-08-02T05:17:38.399Z"}
{"level":"info","message":"Starting real-time market data updates","service":"trading-platform","timestamp":"2025-08-02T05:17:38.401Z"}
{"level":"info","message":"Updated market data for 5 pairs","service":"trading-platform","timestamp":"2025-08-02T05:17:39.868Z"}
{"level":"info","message":"Updated market data for 5 pairs","service":"trading-platform","timestamp":"2025-08-02T05:17:48.915Z"}
{"level":"info","message":"Server started on port 5000","service":"trading-platform","timestamp":"2025-08-02T05:17:52.415Z"}
{"level":"info","message":"Starting real-time market data updates","service":"trading-platform","timestamp":"2025-08-02T05:17:52.417Z"}
{"level":"info","message":"Updated market data for 5 pairs","service":"trading-platform","timestamp":"2025-08-02T05:17:53.775Z"}
{"level":"info","message":"Server started on port 5000","service":"trading-platform","timestamp":"2025-08-02T05:18:01.901Z"}
{"level":"info","message":"Starting real-time market data updates","service":"trading-platform","timestamp":"2025-08-02T05:18:01.905Z"}
{"level":"info","message":"Updated market data for 5 pairs","service":"trading-platform","timestamp":"2025-08-02T05:18:03.174Z"}
{"level":"info","message":"Updated market data for 5 pairs","service":"trading-platform","timestamp":"2025-08-02T05:18:12.932Z"}
{"level":"info","message":"Updated market data for 5 pairs","service":"trading-platform","timestamp":"2025-08-02T05:18:22.706Z"}
{"level":"info","message":"Updated market data for 5 pairs","service":"trading-platform","timestamp":"2025-08-02T05:18:32.454Z"}
{"level":"info","message":"Updated market data for 5 pairs","service":"trading-platform","timestamp":"2025-08-02T05:18:42.480Z"}
{"level":"error","message":"Error processing order:","service":"trading-platform","timestamp":"2025-08-02T05:18:47.836Z"}
{"level":"error","message":"Order creation failed:","service":"trading-platform","timestamp":"2025-08-02T05:18:47.837Z"}
{"level":"error","message":"Error fetching CoinGecko data:","service":"trading-platform","timestamp":"2025-08-02T05:18:52.189Z"}
{"level":"info","message":"Updated market data for 0 pairs","service":"trading-platform","timestamp":"2025-08-02T05:18:52.189Z"}
{"level":"error","message":"Error processing order:","service":"trading-platform","timestamp":"2025-08-02T05:18:52.973Z"}
{"level":"error","message":"Order creation failed:","service":"trading-platform","timestamp":"2025-08-02T05:18:52.974Z"}
{"level":"error","message":"Error processing order:","service":"trading-platform","timestamp":"2025-08-02T05:18:57.119Z"}
{"level":"error","message":"Order creation failed:","service":"trading-platform","timestamp":"2025-08-02T05:18:57.120Z"}
{"level":"error","message":"Error processing order:","service":"trading-platform","timestamp":"2025-08-02T05:19:01.803Z"}
{"level":"error","message":"Order creation failed:","service":"trading-platform","timestamp":"2025-08-02T05:19:01.804Z"}
{"level":"error","message":"Error fetching CoinGecko data:","service":"trading-platform","timestamp":"2025-08-02T05:19:02.176Z"}
{"level":"info","message":"Updated market data for 0 pairs","service":"trading-platform","timestamp":"2025-08-02T05:19:02.177Z"}
{"level":"error","message":"Error processing order:","service":"trading-platform","timestamp":"2025-08-02T05:19:09.603Z"}
{"level":"error","message":"Order creation failed:","service":"trading-platform","timestamp":"2025-08-02T05:19:09.604Z"}
{"level":"info","message":"Updated market data for 5 pairs","service":"trading-platform","timestamp":"2025-08-02T05:19:12.502Z"}
{"level":"info","message":"Updated market data for 5 pairs","service":"trading-platform","timestamp":"2025-08-02T05:19:22.500Z"}
{"level":"error","message":"Error fetching CoinGecko data:","service":"trading-platform","timestamp":"2025-08-02T05:19:32.217Z"}
{"level":"info","message":"Updated market data for 0 pairs","service":"trading-platform","timestamp":"2025-08-02T05:19:32.217Z"}
{"level":"info","message":"Updated market data for 5 pairs","service":"trading-platform","timestamp":"2025-08-02T05:19:42.738Z"}
{"level":"info","message":"Updated market data for 5 pairs","service":"trading-platform","timestamp":"2025-08-02T05:19:52.461Z"}
{"level":"info","message":"Updated market data for 5 pairs","service":"trading-platform","timestamp":"2025-08-02T05:20:02.519Z"}
{"level":"info","message":"Updated market data for 5 pairs","service":"trading-platform","timestamp":"2025-08-02T05:20:12.496Z"}
{"level":"info","message":"Updated market data for 5 pairs","service":"trading-platform","timestamp":"2025-08-02T05:20:22.960Z"}
{"level":"info","message":"Updated market data for 5 pairs","service":"trading-platform","timestamp":"2025-08-02T05:20:32.464Z"}
{"level":"info","message":"Updated market data for 5 pairs","service":"trading-platform","timestamp":"2025-08-02T05:20:42.477Z"}
{"level":"info","message":"Updated market data for 5 pairs","service":"trading-platform","timestamp":"2025-08-02T05:20:52.651Z"}
{"level":"info","message":"Updated market data for 5 pairs","service":"trading-platform","timestamp":"2025-08-02T05:21:02.467Z"}
{"level":"info","message":"Updated market data for 5 pairs","service":"trading-platform","timestamp":"2025-08-02T05:21:12.791Z"}
{"level":"info","message":"Updated market data for 5 pairs","service":"trading-platform","timestamp":"2025-08-02T05:21:22.800Z"}
{"level":"info","message":"Updated market data for 5 pairs","service":"trading-platform","timestamp":"2025-08-02T05:21:32.474Z"}
{"level":"info","message":"Updated market data for 5 pairs","service":"trading-platform","timestamp":"2025-08-02T05:21:43.581Z"}
{"level":"info","message":"Updated market data for 5 pairs","service":"trading-platform","timestamp":"2025-08-02T05:21:52.649Z"}
{"level":"info","message":"Updated market data for 5 pairs","service":"trading-platform","timestamp":"2025-08-02T05:22:02.686Z"}
{"level":"info","message":"Updated market data for 5 pairs","service":"trading-platform","timestamp":"2025-08-02T05:22:12.487Z"}
{"level":"info","message":"Updated market data for 5 pairs","service":"trading-platform","timestamp":"2025-08-02T05:22:22.474Z"}
{"level":"info","message":"Updated market data for 5 pairs","service":"trading-platform","timestamp":"2025-08-02T05:22:32.470Z"}
{"level":"error","message":"Error fetching CoinGecko data:","service":"trading-platform","timestamp":"2025-08-02T05:22:42.294Z"}
{"level":"info","message":"Updated market data for 0 pairs","service":"trading-platform","timestamp":"2025-08-02T05:22:42.294Z"}
{"level":"error","message":"Error fetching CoinGecko data:","service":"trading-platform","timestamp":"2025-08-02T05:22:52.222Z"}
{"level":"info","message":"Updated market data for 0 pairs","service":"trading-platform","timestamp":"2025-08-02T05:22:52.223Z"}
{"level":"info","message":"Updated market data for 5 pairs","service":"trading-platform","timestamp":"2025-08-02T05:23:02.914Z"}
{"level":"error","message":"Error fetching CoinGecko data:","service":"trading-platform","timestamp":"2025-08-02T05:23:12.200Z"}
{"level":"info","message":"Updated market data for 0 pairs","service":"trading-platform","timestamp":"2025-08-02T05:23:12.200Z"}
{"level":"error","message":"Error fetching CoinGecko data:","service":"trading-platform","timestamp":"2025-08-02T05:23:22.203Z"}
{"level":"info","message":"Updated market data for 0 pairs","service":"trading-platform","timestamp":"2025-08-02T05:23:22.203Z"}
{"level":"info","message":"Updated market data for 5 pairs","service":"trading-platform","timestamp":"2025-08-02T05:23:32.797Z"}
{"level":"info","message":"Updated market data for 5 pairs","service":"trading-platform","timestamp":"2025-08-02T05:23:42.776Z"}
{"level":"info","message":"Updated market data for 5 pairs","service":"trading-platform","timestamp":"2025-08-02T05:23:52.495Z"}
{"level":"info","message":"Updated market data for 5 pairs","service":"trading-platform","timestamp":"2025-08-02T05:24:02.469Z"}
{"level":"info","message":"Updated market data for 5 pairs","service":"trading-platform","timestamp":"2025-08-02T05:24:12.517Z"}
{"level":"error","message":"Error fetching CoinGecko data:","service":"trading-platform","timestamp":"2025-08-02T05:24:22.191Z"}
{"level":"info","message":"Updated market data for 0 pairs","service":"trading-platform","timestamp":"2025-08-02T05:24:22.192Z"}
{"level":"error","message":"Error fetching CoinGecko data:","service":"trading-platform","timestamp":"2025-08-02T05:24:32.264Z"}
{"level":"info","message":"Updated market data for 0 pairs","service":"trading-platform","timestamp":"2025-08-02T05:24:32.265Z"}
{"level":"info","message":"Updated market data for 5 pairs","service":"trading-platform","timestamp":"2025-08-02T05:24:43.084Z"}
{"level":"info","message":"Updated market data for 5 pairs","service":"trading-platform","timestamp":"2025-08-02T05:24:52.769Z"}
{"level":"info","message":"Updated market data for 5 pairs","service":"trading-platform","timestamp":"2025-08-02T05:25:02.490Z"}
{"level":"info","message":"Updated market data for 5 pairs","service":"trading-platform","timestamp":"2025-08-02T05:25:12.452Z"}
{"level":"info","message":"Updated market data for 5 pairs","service":"trading-platform","timestamp":"2025-08-02T05:25:22.724Z"}
{"level":"info","message":"Updated market data for 5 pairs","service":"trading-platform","timestamp":"2025-08-02T05:25:32.488Z"}
{"level":"info","message":"Updated market data for 5 pairs","service":"trading-platform","timestamp":"2025-08-02T05:25:42.551Z"}
{"level":"info","message":"Updated market data for 5 pairs","service":"trading-platform","timestamp":"2025-08-02T05:25:52.523Z"}
{"level":"info","message":"Updated market data for 5 pairs","service":"trading-platform","timestamp":"2025-08-02T05:26:02.487Z"}
{"level":"info","message":"Updated market data for 5 pairs","service":"trading-platform","timestamp":"2025-08-02T05:26:12.497Z"}
{"level":"info","message":"Updated market data for 5 pairs","service":"trading-platform","timestamp":"2025-08-02T05:26:22.516Z"}
{"level":"error","message":"Error fetching CoinGecko data:","service":"trading-platform","timestamp":"2025-08-02T05:26:32.193Z"}
{"level":"info","message":"Updated market data for 0 pairs","service":"trading-platform","timestamp":"2025-08-02T05:26:32.193Z"}
{"level":"info","message":"Updated market data for 5 pairs","service":"trading-platform","timestamp":"2025-08-02T05:26:43.064Z"}
{"level":"info","message":"Updated market data for 5 pairs","service":"trading-platform","timestamp":"2025-08-02T05:26:52.781Z"}
{"level":"info","message":"Updated market data for 5 pairs","service":"trading-platform","timestamp":"2025-08-02T05:27:02.466Z"}
{"level":"info","message":"Updated market data for 5 pairs","service":"trading-platform","timestamp":"2025-08-02T05:27:12.495Z"}
{"level":"info","message":"Updated market data for 5 pairs","service":"trading-platform","timestamp":"2025-08-02T05:27:22.517Z"}
{"level":"info","message":"Updated market data for 5 pairs","service":"trading-platform","timestamp":"2025-08-02T05:27:32.518Z"}
{"level":"error","message":"Error fetching CoinGecko data:","service":"trading-platform","timestamp":"2025-08-02T05:27:42.252Z"}
{"level":"info","message":"Updated market data for 0 pairs","service":"trading-platform","timestamp":"2025-08-02T05:27:42.253Z"}
{"level":"info","message":"Updated market data for 5 pairs","service":"trading-platform","timestamp":"2025-08-02T05:27:52.712Z"}
{"level":"info","message":"Updated market data for 5 pairs","service":"trading-platform","timestamp":"2025-08-02T05:28:02.503Z"}
{"level":"error","message":"Error fetching CoinGecko data:","service":"trading-platform","timestamp":"2025-08-02T05:28:12.230Z"}
{"level":"info","message":"Updated market data for 0 pairs","service":"trading-platform","timestamp":"2025-08-02T05:28:12.231Z"}
{"level":"info","message":"Updated market data for 5 pairs","service":"trading-platform","timestamp":"2025-08-02T05:28:22.549Z"}
{"level":"info","message":"Updated market data for 5 pairs","service":"trading-platform","timestamp":"2025-08-02T05:28:33.092Z"}
{"level":"info","message":"Updated market data for 5 pairs","service":"trading-platform","timestamp":"2025-08-02T05:28:42.473Z"}
{"level":"info","message":"Updated market data for 5 pairs","service":"trading-platform","timestamp":"2025-08-02T05:28:52.917Z"}
{"level":"info","message":"Updated market data for 5 pairs","service":"trading-platform","timestamp":"2025-08-02T05:29:02.975Z"}
{"level":"info","message":"Updated market data for 5 pairs","service":"trading-platform","timestamp":"2025-08-02T05:29:12.771Z"}
{"level":"info","message":"Updated market data for 5 pairs","service":"trading-platform","timestamp":"2025-08-02T05:29:22.496Z"}
{"level":"info","message":"Updated market data for 5 pairs","service":"trading-platform","timestamp":"2025-08-02T05:29:32.521Z"}
{"level":"info","message":"Updated market data for 5 pairs","service":"trading-platform","timestamp":"2025-08-02T05:29:42.527Z"}
{"level":"error","message":"Error fetching CoinGecko data:","service":"trading-platform","timestamp":"2025-08-02T05:29:52.212Z"}
{"level":"info","message":"Updated market data for 0 pairs","service":"trading-platform","timestamp":"2025-08-02T05:29:52.212Z"}
{"level":"error","message":"Error fetching CoinGecko data:","service":"trading-platform","timestamp":"2025-08-02T05:30:02.314Z"}
{"level":"info","message":"Updated market data for 0 pairs","service":"trading-platform","timestamp":"2025-08-02T05:30:02.314Z"}
{"level":"error","message":"Error fetching CoinGecko data:","service":"trading-platform","timestamp":"2025-08-02T05:30:12.214Z"}
{"level":"info","message":"Updated market data for 0 pairs","service":"trading-platform","timestamp":"2025-08-02T05:30:12.215Z"}
{"level":"error","message":"Error fetching CoinGecko data:","service":"trading-platform","timestamp":"2025-08-02T05:30:22.229Z"}
{"level":"info","message":"Updated market data for 0 pairs","service":"trading-platform","timestamp":"2025-08-02T05:30:22.230Z"}
{"level":"info","message":"Updated market data for 5 pairs","service":"trading-platform","timestamp":"2025-08-02T05:30:32.776Z"}
{"level":"error","message":"Error fetching CoinGecko data:","service":"trading-platform","timestamp":"2025-08-02T05:30:42.257Z"}
{"level":"info","message":"Updated market data for 0 pairs","service":"trading-platform","timestamp":"2025-08-02T05:30:42.257Z"}
{"level":"info","message":"Updated market data for 5 pairs","service":"trading-platform","timestamp":"2025-08-02T05:30:52.750Z"}
{"level":"info","message":"Updated market data for 5 pairs","service":"trading-platform","timestamp":"2025-08-02T05:31:02.502Z"}
{"level":"info","message":"Updated market data for 5 pairs","service":"trading-platform","timestamp":"2025-08-02T05:31:13.103Z"}
{"level":"info","message":"Updated market data for 5 pairs","service":"trading-platform","timestamp":"2025-08-02T05:31:22.519Z"}
{"level":"info","message":"Updated market data for 5 pairs","service":"trading-platform","timestamp":"2025-08-02T05:31:32.516Z"}
{"level":"info","message":"Updated market data for 5 pairs","service":"trading-platform","timestamp":"2025-08-02T05:31:42.503Z"}
{"level":"info","message":"Updated market data for 5 pairs","service":"trading-platform","timestamp":"2025-08-02T05:31:52.942Z"}
{"level":"info","message":"Updated market data for 5 pairs","service":"trading-platform","timestamp":"2025-08-02T05:32:02.777Z"}
{"level":"info","message":"Updated market data for 5 pairs","service":"trading-platform","timestamp":"2025-08-02T05:32:12.918Z"}
{"level":"info","message":"Updated market data for 5 pairs","service":"trading-platform","timestamp":"2025-08-02T05:32:22.623Z"}
{"level":"error","message":"Error fetching CoinGecko data:","service":"trading-platform","timestamp":"2025-08-02T05:32:32.218Z"}
{"level":"info","message":"Updated market data for 0 pairs","service":"trading-platform","timestamp":"2025-08-02T05:32:32.219Z"}
{"level":"error","message":"Error fetching CoinGecko data:","service":"trading-platform","timestamp":"2025-08-02T05:32:42.257Z"}
{"level":"info","message":"Updated market data for 0 pairs","service":"trading-platform","timestamp":"2025-08-02T05:32:42.257Z"}
{"level":"error","message":"Error fetching CoinGecko data:","service":"trading-platform","timestamp":"2025-08-02T05:32:52.266Z"}
{"level":"info","message":"Updated market data for 0 pairs","service":"trading-platform","timestamp":"2025-08-02T05:32:52.266Z"}
{"level":"error","message":"Error fetching CoinGecko data:","service":"trading-platform","timestamp":"2025-08-02T05:33:02.221Z"}
{"level":"info","message":"Updated market data for 0 pairs","service":"trading-platform","timestamp":"2025-08-02T05:33:02.222Z"}
{"level":"error","message":"Error fetching CoinGecko data:","service":"trading-platform","timestamp":"2025-08-02T05:33:12.222Z"}
{"level":"info","message":"Updated market data for 0 pairs","service":"trading-platform","timestamp":"2025-08-02T05:33:12.223Z"}
{"level":"info","message":"Updated market data for 5 pairs","service":"trading-platform","timestamp":"2025-08-02T05:33:23.027Z"}
{"level":"info","message":"Updated market data for 5 pairs","service":"trading-platform","timestamp":"2025-08-02T05:33:32.717Z"}
{"level":"info","message":"Updated market data for 5 pairs","service":"trading-platform","timestamp":"2025-08-02T05:33:42.520Z"}
{"level":"info","message":"Updated market data for 5 pairs","service":"trading-platform","timestamp":"2025-08-02T05:33:52.810Z"}
{"level":"info","message":"Updated market data for 5 pairs","service":"trading-platform","timestamp":"2025-08-02T05:34:02.524Z"}
{"level":"info","message":"Updated market data for 5 pairs","service":"trading-platform","timestamp":"2025-08-02T05:34:12.527Z"}
{"level":"info","message":"Updated market data for 5 pairs","service":"trading-platform","timestamp":"2025-08-02T05:34:22.522Z"}
{"level":"info","message":"Updated market data for 5 pairs","service":"trading-platform","timestamp":"2025-08-02T05:34:32.511Z"}
{"level":"info","message":"Updated market data for 5 pairs","service":"trading-platform","timestamp":"2025-08-02T05:34:42.538Z"}
{"level":"info","message":"Updated market data for 5 pairs","service":"trading-platform","timestamp":"2025-08-02T05:34:52.958Z"}
{"level":"info","message":"Updated market data for 5 pairs","service":"trading-platform","timestamp":"2025-08-02T05:35:02.761Z"}
{"level":"info","message":"Updated market data for 5 pairs","service":"trading-platform","timestamp":"2025-08-02T05:35:12.497Z"}
{"level":"info","message":"Updated market data for 5 pairs","service":"trading-platform","timestamp":"2025-08-02T05:35:23.009Z"}
{"level":"info","message":"Updated market data for 5 pairs","service":"trading-platform","timestamp":"2025-08-02T05:35:32.581Z"}
{"level":"info","message":"Updated market data for 5 pairs","service":"trading-platform","timestamp":"2025-08-02T05:35:42.498Z"}
{"level":"info","message":"Updated market data for 5 pairs","service":"trading-platform","timestamp":"2025-08-02T05:35:52.805Z"}
{"level":"info","message":"Updated market data for 5 pairs","service":"trading-platform","timestamp":"2025-08-02T05:36:02.494Z"}
{"level":"info","message":"Updated market data for 5 pairs","service":"trading-platform","timestamp":"2025-08-02T05:36:12.517Z"}
{"level":"info","message":"Updated market data for 5 pairs","service":"trading-platform","timestamp":"2025-08-02T05:36:22.542Z"}
{"level":"info","message":"Server started on port 5000","service":"trading-platform","timestamp":"2025-08-02T05:36:28.526Z"}
{"level":"info","message":"Starting real-time market data updates","service":"trading-platform","timestamp":"2025-08-02T05:36:28.528Z"}
{"level":"info","message":"Updated market data for 5 pairs","service":"trading-platform","timestamp":"2025-08-02T05:36:29.951Z"}
